MPASM  5.39                        CODIGO.ASM   5-29-2018  17:55:43         PAGE  1


LOC  OBJECT CODE     LINE SOURCE TEXT
  VALUE

                      00001 ; Codigo Controle Cofre Bluetooth
                      00002 ; Paulo Eduardo Manzone Maia
                      00003 ; RA: 161022261
                      00004 
                      00005 #include <p16F873.inc>
                      00001         LIST
                      00002 
                      00003 ;==========================================================================
                      00004 ;  MPASM PIC16F873 processor include
                      00005 ; 
                      00006 ;  (c) Copyright 1999-2010 Microchip Technology, All rights reserved
                      00007 ;==========================================================================
                      00008 
Message[301]: MESSAGE: (Processor-header file mismatch.  Verify selected processor.)
                      00488         LIST
                      00006 
                      00007 ; ========/ declarando variaveis que usarei ========
Warning[205]: Found directive in column 1. (CBLOCK)
                      00008 CBLOCK 0x20
  00000020            00009         BYTE1 ; byte que chega pelo bluetooth (primeira parte da senha)
  00000021            00010         BYTE2 ; byte que chega pelo bluetooth (segunda parte da senha)
  00000022            00011         SENHA1 ; byte que armazena a senha
  00000023            00012         SENHA2 ; byte que armazena a senha
  00000024            00013         TEMPO1 ; variável auxiliar do for de nops do servomotor
  00000025            00014         TEMPO2 ; variável auxiliar do for de nops do servomotor
  00000026            00015         NLOOPS ; variável para contar quantos ciclos do servo deverão ser realizados    
                      00016 
Warning[205]: Found directive in column 1. (ENDC)
                      00017 ENDC
0000                  00018         ORG     0X0000
0000   2805           00019         GOTO    INICIO
                      00020         
                      00021 ;interrupcao nao faz nada
                      00022 
0004                  00023         ORG     0X4
0004   0009           00024         RETFIE
                      00025 
                      00026 ;======================================================================
                      00027 ;                               INICIO
                      00028 ;======================================================================
0005                  00029 INICIO:
                      00030         ;============== / Inicializacao =======================
0005   1683 1303      00031         BANKSEL TRISB ;rb´s são de saída
0007   3000           00032         MOVLW d'0'
Message[302]: Register in operand not in bank 0.  Ensure that bank bits are correct.
0008   0086           00033         MOVWF TRISB 
0009   1283 1303      00034         BANKSEL SENHA1
                      00035 
000B   3000           00036         MOVLW d'0'
000C   00A2           00037         MOVWF SENHA1 ; inicializa primeiro byte da senha como 00000000
000D   00A3           00038         MOVWF SENHA2 ; inicializa segundo byte da senha como 00000000
                      00039         
                      00040         ;============= /config bluetooth =======================
MPASM  5.39                        CODIGO.ASM   5-29-2018  17:55:43         PAGE  2


LOC  OBJECT CODE     LINE SOURCE TEXT
  VALUE

                      00041 
000E   1683 1303      00042         banksel SPBRG ; muda para banco de SPBRG
0010   3019           00043         MOVLW d'25' ; baudrate = 9600
Message[302]: Register in operand not in bank 0.  Ensure that bank bits are correct.
0011   0099           00044         MOVWF SPBRG
0012   1683 1303      00045         banksel TXSTA
Message[302]: Register in operand not in bank 0.  Ensure that bank bits are correct.
0014   1518           00046         BSF TXSTA, BRGH ; configurar para utilizar baudrate de alta velocidade
Message[302]: Register in operand not in bank 0.  Ensure that bank bits are correct.
0015   1218           00047         BCF TXSTA, SYNC ; configurar para modo asssincrono de recepcao
0016   1283 1303      00048         banksel RCSTA   ; muda para banco de dados de rcsta
0018   1798           00049         BSF RCSTA, SPEN ; Habilita porta serial
0019   1318           00050         BCF RCSTA, RX9  ; configura para receber 8 bits apenas
001A   1618           00051         BSF RCSTA, CREN ; recebe continuamente pela porta serial
                      00052 
001B   1283 1303      00053         BANKSEL PORTB
001D   1786           00054         BSF PORTB, RB7 ; teste pra ver se chegou ate aqui
                      00055 
                      00056         ;=============/FIM config bluetooth ==================
                      00057 
                      00058         ;=============/loop leitura bluetooth ================
                      00059         ; sao lidos 2 bytes do serial para serem tratados
                      00060         
                      00061 
001E                  00062 LOOP1:
001E   1E8C           00063         BTFSS PIR1, RCIF ; fica verificando se existe byte no registrador RCREG (se tiver, RCIF igual a 
                            1, senao 0)
001F   281E           00064         GOTO LOOP1
                      00065         
0020   081A           00066         MOVF RCREG, W ; le o RCREG para a var BYTE2
0021   00A0           00067         MOVWF BYTE1
                      00068         
0022                  00069 LOOP2:
0022   1E8C           00070         BTFSS PIR1, RCIF  ; fica verificando se existe byte no registrador RCREG (se tiver, RCIF igual a
                             1, senao 0)
0023   2822           00071         GOTO LOOP2
                      00072 
0024   081A           00073         MOVF RCREG, W ; le o RCREG para a var BYTE2
0025   00A1           00074         MOVWF BYTE2     
                      00075 
                      00076 
                      00077 
                      00078         ;==============/FIM leitura bluetooth ==============
                      00079         
                      00080         ;==============/tratando a entrada =================
                      00081         
0026   3000           00082         MOVLW d'0' ; verificando se as senhas sao 0
Message[305]: Using default destination of 1 (file).
0027   02A2           00083         SUBWF SENHA1
                      00084         
0028   1903           00085         BTFSC STATUS, Z
0029   2847           00086         GOTO PRIMEIRAVEZ ; caso a senha nao seja zero vai pra PRIMEIRAVEZ
                      00087 
MPASM  5.39                        CODIGO.ASM   5-29-2018  17:55:43         PAGE  3


LOC  OBJECT CODE     LINE SOURCE TEXT
  VALUE

002A   3000           00088         MOVLW d'0'
Message[305]: Using default destination of 1 (file).
002B   02A3           00089         SUBWF SENHA2
                      00090 
002C   1903           00091         BTFSC STATUS, Z
002D   2847           00092         GOTO PRIMEIRAVEZ ; caso a senha nao seja zero vai pra PRIMEIRAVEZ
                      00093 
                      00094         ;Se chegou aqui, nao é a primeira vez (já foi gravada uma senha e o cofre está trancado)
                      00095         
002E   0822           00096         MOVF SENHA1, W ; comparando byte1 com senha1
Message[305]: Using default destination of 1 (file).
002F   02A0           00097         SUBWF BYTE1
0030   1D03           00098         BTFSS STATUS, Z
0031   285B           00099         GOTO VOLTATUDO
                      00100         
0032   0823           00101         MOVF SENHA2, W ; comparando byte2 com senha2
Message[305]: Using default destination of 1 (file).
0033   02A1           00102         SUBWF BYTE2
0034   1D03           00103         BTFSS STATUS, Z
0035   285B           00104         GOTO VOLTATUDO
                      00105         
                      00106         ;Se chegou aqui, a senha esta correta e ele deve abrir a tranca
                      00107         ;***********************************************************************************************
                            ***
0036   1283 1303      00108         banksel PORTB
0038   1786           00109         BSF PORTB, RB7 ; led indicador = ligado
0039   1283 1303      00110         banksel NLOOPS
003B   3014           00111         MOVLW d'20' ; 20 ciclos do servomotor
003C   00A6           00112         MOVWF NLOOPS
                      00113 
003D                  00114 INICIOCICLO:
                      00115 
                      00116 ; tempo ligado
003D   1606           00117         BSF PORTB, RB4
                      00118 ;1.5 ms
003E   2067           00119         CALL Delay1.5ms
                      00120 
                      00121 ; tempo desligado
003F   1206           00122         BCF PORTB, RB4
                      00123 ;18.5ms
0040   2072           00124         CALL Delay18.5ms
                      00125 
                      00126 ;verifica se faz denovo o ciclo
Message[305]: Using default destination of 1 (file).
0041   0BA6           00127         DECFSZ NLOOPS
0042   283D           00128         GOTO INICIOCICLO
0043   3000           00129         MOVLW d'0'
0044   00A2           00130         MOVWF SENHA1
0045   00A3           00131         MOVWF SENHA2
                      00132         ;***********************************************************************************************
                            *****************
                      00133         
0046   285B           00134         GOTO VOLTATUDO
MPASM  5.39                        CODIGO.ASM   5-29-2018  17:55:43         PAGE  4


LOC  OBJECT CODE     LINE SOURCE TEXT
  VALUE

                      00135         
0047                  00136 PRIMEIRAVEZ:
                      00137         ;caso seja a primeira vez, deve-se gravar os bytes nas senhas
0047   0820           00138         MOVF BYTE1, W
0048   00A2           00139         MOVWF SENHA1
0049   0821           00140         MOVF BYTE2, W
004A   00A3           00141         MOVWF SENHA2
                      00142 
                      00143         ;fechar a tranca
                      00144         ;***********************************************************************************************
                            **********
004B   1283 1303      00145         banksel PORTB
004D   1386           00146         BCF PORTB, RB7 ; led indicador = desligado
004E   1283 1303      00147         banksel NLOOPS
0050   3014           00148         MOVLW d'20' ; 20 ciclos do servomotor
0051   00A6           00149         MOVWF NLOOPS
0052   1283 1303      00150         banksel TEMPO1
                      00151 
0054                  00152 INICIOCICLOX:
                      00153 
                      00154 ; tempo ligado
0054   1606           00155         BSF PORTB, RB4
                      00156 ;1ms
0055   205C           00157         CALL Delay1ms
                      00158 
                      00159 ; tempo desligado
0056   1206           00160         BCF PORTB, RB4
                      00161 ;19ms
0057   207D           00162         CALL Delay19ms
Warning[203]: Found opcode in column 1. (NOP)
0058   0000           00163 NOP
                      00164 
                      00165 ;verifica se faz denovo o ciclo
Message[305]: Using default destination of 1 (file).
0059   0BA6           00166         DECFSZ NLOOPS
005A   2854           00167         GOTO INICIOCICLOX
                      00168         
                      00169 
                      00170 
                      00171 ;***************************************************************************************************
                      00172 
005B                  00173 VOLTATUDO:
005B   281E           00174         GOTO LOOP1 ; volta a ler do bluetooth
                      00175 
                      00176 
                      00177 ; DELAYS
                      00178 ;1 ms ---------------------
005C                  00179 Delay1ms
                      00180                         ;993 cycles
005C   30C6           00181         movlw   0xC6
005D   00A4           00182         movwf   TEMPO1
005E   3001           00183         movlw   0x01
005F   00A5           00184         movwf   TEMPO2
MPASM  5.39                        CODIGO.ASM   5-29-2018  17:55:43         PAGE  5


LOC  OBJECT CODE     LINE SOURCE TEXT
  VALUE

0060                  00185 Delay1ms_0
0060   0BA4           00186         decfsz  TEMPO1, f
0061   2863           00187         goto    $+2
0062   0BA5           00188         decfsz  TEMPO2, f
0063   2860           00189         goto    Delay1ms_0
                      00190 
                      00191                         ;3 cycles
0064   2865           00192         goto    $+1
0065   0000           00193         nop
                      00194 
                      00195                         ;4 cycles (including call)
0066   0008           00196         return
                      00197 
                      00198 ;1.5 ms ------------------
0067                  00199 Delay1.5ms
                      00200                         ;1493 cycles
0067   302A           00201         movlw   0x2A
0068   00A4           00202         movwf   TEMPO1
0069   3002           00203         movlw   0x02
006A   00A5           00204         movwf   TEMPO2
006B                  00205 Delay1.5ms_0
006B   0BA4           00206         decfsz  TEMPO1, f
006C   286E           00207         goto    $+2
006D   0BA5           00208         decfsz  TEMPO2, f
006E   286B           00209         goto    Delay1.5ms_0
                      00210 
                      00211                         ;3 cycles
006F   2870           00212         goto    $+1
0070   0000           00213         nop
                      00214 
                      00215                         ;4 cycles (including call)
0071   0008           00216         return
                      00217 
                      00218 
                      00219 ;18.5ms-------------------
                      00220 
0072                  00221 Delay18.5ms
                      00222                         ;18493 cycles
0072   3072           00223         movlw   0x72
0073   00A4           00224         movwf   TEMPO1
0074   300F           00225         movlw   0x0F
0075   00A5           00226         movwf   TEMPO2
0076                  00227 Delay18.5ms_0
0076   0BA4           00228         decfsz  TEMPO1, f
0077   2879           00229         goto    $+2
0078   0BA5           00230         decfsz  TEMPO2, f
0079   2876           00231         goto    Delay18.5ms_0
                      00232 
                      00233                         ;3 cycles
007A   287B           00234         goto    $+1
007B   0000           00235         nop
                      00236 
                      00237                         ;4 cycles (including call)
MPASM  5.39                        CODIGO.ASM   5-29-2018  17:55:43         PAGE  6


LOC  OBJECT CODE     LINE SOURCE TEXT
  VALUE

007C   0008           00238         return
                      00239 
                      00240 ;19s
007D                  00241 Delay19ms
                      00242                         ;18993 cycles
007D   30D6           00243         movlw   0xD6
007E   00A4           00244         movwf   TEMPO1
007F   300F           00245         movlw   0x0F
0080   00A5           00246         movwf   TEMPO2
0081                  00247 Delay19ms_0
0081   0BA4           00248         decfsz  TEMPO1, f
0082   2884           00249         goto    $+2
0083   0BA5           00250         decfsz  TEMPO2, f
0084   2881           00251         goto    Delay19ms_0
                      00252 
                      00253                         ;3 cycles
0085   2886           00254         goto    $+1
0086   0000           00255         nop
                      00256 
                      00257                         ;4 cycles (including call)
0087   0008           00258         return
                      00259 
                      00260         END
MPASM  5.39                        CODIGO.ASM   5-29-2018  17:55:43         PAGE  7


SYMBOL TABLE
  LABEL                             VALUE 

ACKDT                             00000005
ACKEN                             00000004
ACKSTAT                           00000006
ADCON0                            0000001F
ADCON1                            0000009F
ADCS0                             00000006
ADCS1                             00000007
ADDEN                             00000003
ADFM                              00000007
ADIE                              00000006
ADIF                              00000006
ADON                              00000000
ADRESH                            0000001E
ADRESL                            0000009E
BCLIE                             00000003
BCLIF                             00000003
BF                                00000000
BRGH                              00000002
BYTE1                             00000020
BYTE2                             00000021
C                                 00000000
CCP1CON                           00000017
CCP1IE                            00000002
CCP1IF                            00000002
CCP1M0                            00000000
CCP1M1                            00000001
CCP1M2                            00000002
CCP1M3                            00000003
CCP1X                             00000005
CCP1Y                             00000004
CCP2CON                           0000001D
CCP2IE                            00000000
CCP2IF                            00000000
CCP2M0                            00000000
CCP2M1                            00000001
CCP2M2                            00000002
CCP2M3                            00000003
CCP2X                             00000005
CCP2Y                             00000004
CCPR1                             00000015
CCPR1H                            00000016
CCPR1L                            00000015
CCPR2                             0000001B
CCPR2H                            0000001C
CCPR2L                            0000001B
CHS0                              00000003
CHS1                              00000004
CHS2                              00000005
CKE                               00000006
CKP                               00000004
CREN                              00000004
CSRC                              00000007
D                                 00000005
MPASM  5.39                        CODIGO.ASM   5-29-2018  17:55:43         PAGE  8


SYMBOL TABLE
  LABEL                             VALUE 

DATA_ADDRESS                      00000005
DC                                00000001
D_A                               00000005
D_NOT_A                           00000005
Delay1.5ms                        00000067
Delay1.5ms_0                      0000006B
Delay18.5ms                       00000072
Delay18.5ms_0                     00000076
Delay19ms                         0000007D
Delay19ms_0                       00000081
Delay1ms                          0000005C
Delay1ms_0                        00000060
EEADR                             0000010D
EEADRH                            0000010F
EECON1                            0000018C
EECON2                            0000018D
EEDATA                            0000010C
EEDATH                            0000010E
EEIE                              00000004
EEIF                              00000004
EEPGD                             00000007
F                                 00000001
FERR                              00000002
FSR                               00000004
GCEN                              00000007
GIE                               00000007
GO                                00000002
GO_DONE                           00000002
GO_NOT_DONE                       00000002
I2C_DATA                          00000005
I2C_READ                          00000002
I2C_START                         00000003
I2C_STOP                          00000004
INDF                              00000000
INICIO                            00000005
INICIOCICLO                       0000003D
INICIOCICLOX                      00000054
INTCON                            0000000B
INTE                              00000004
INTEDG                            00000006
INTF                              00000001
IRP                               00000007
LOOP1                             0000001E
LOOP2                             00000022
NLOOPS                            00000026
NOT_A                             00000005
NOT_ADDRESS                       00000005
NOT_BO                            00000000
NOT_BOR                           00000000
NOT_DONE                          00000002
NOT_PD                            00000003
NOT_POR                           00000001
NOT_RBPU                          00000007
MPASM  5.39                        CODIGO.ASM   5-29-2018  17:55:43         PAGE  9


SYMBOL TABLE
  LABEL                             VALUE 

NOT_RC8                           00000006
NOT_T1SYNC                        00000002
NOT_TO                            00000004
NOT_TX8                           00000006
NOT_W                             00000002
NOT_WRITE                         00000002
OERR                              00000001
OPTION_REG                        00000081
P                                 00000004
PCFG0                             00000000
PCFG1                             00000001
PCFG2                             00000002
PCFG3                             00000003
PCL                               00000002
PCLATH                            0000000A
PCON                              0000008E
PEIE                              00000006
PEN                               00000002
PIE1                              0000008C
PIE2                              0000008D
PIR1                              0000000C
PIR2                              0000000D
PORTA                             00000005
PORTB                             00000006
PORTC                             00000007
PR2                               00000092
PRIMEIRAVEZ                       00000047
PS0                               00000000
PS1                               00000001
PS2                               00000002
PSA                               00000003
R                                 00000002
RA0                               00000000
RA1                               00000001
RA2                               00000002
RA3                               00000003
RA4                               00000004
RA5                               00000005
RB0                               00000000
RB1                               00000001
RB2                               00000002
RB3                               00000003
RB4                               00000004
RB5                               00000005
RB6                               00000006
RB7                               00000007
RBIE                              00000003
RBIF                              00000000
RC0                               00000000
RC1                               00000001
RC2                               00000002
RC3                               00000003
RC4                               00000004
MPASM  5.39                        CODIGO.ASM   5-29-2018  17:55:43         PAGE 10


SYMBOL TABLE
  LABEL                             VALUE 

RC5                               00000005
RC6                               00000006
RC7                               00000007
RC8_9                             00000006
RC9                               00000006
RCD8                              00000000
RCEN                              00000003
RCIE                              00000005
RCIF                              00000005
RCREG                             0000001A
RCSTA                             00000018
RD                                00000000
READ_WRITE                        00000002
RP0                               00000005
RP1                               00000006
RSEN                              00000001
RX9                               00000006
RX9D                              00000000
R_NOT_W                           00000002
R_W                               00000002
S                                 00000003
SEN                               00000000
SENHA1                            00000022
SENHA2                            00000023
SMP                               00000007
SPBRG                             00000099
SPEN                              00000007
SREN                              00000005
SSPADD                            00000093
SSPBUF                            00000013
SSPCON                            00000014
SSPCON2                           00000091
SSPEN                             00000005
SSPIE                             00000003
SSPIF                             00000003
SSPM0                             00000000
SSPM1                             00000001
SSPM2                             00000002
SSPM3                             00000003
SSPOV                             00000006
SSPSTAT                           00000094
STATUS                            00000003
SYNC                              00000004
T0CS                              00000005
T0IE                              00000005
T0IF                              00000002
T0SE                              00000004
T1CKPS0                           00000004
T1CKPS1                           00000005
T1CON                             00000010
T1INSYNC                          00000002
T1OSCEN                           00000003
T1SYNC                            00000002
MPASM  5.39                        CODIGO.ASM   5-29-2018  17:55:43         PAGE 11


SYMBOL TABLE
  LABEL                             VALUE 

T2CKPS0                           00000000
T2CKPS1                           00000001
T2CON                             00000012
TEMPO1                            00000024
TEMPO2                            00000025
TMR0                              00000001
TMR0IE                            00000005
TMR0IF                            00000002
TMR1CS                            00000001
TMR1H                             0000000F
TMR1IE                            00000000
TMR1IF                            00000000
TMR1L                             0000000E
TMR1ON                            00000000
TMR2                              00000011
TMR2IE                            00000001
TMR2IF                            00000001
TMR2ON                            00000002
TOUTPS0                           00000003
TOUTPS1                           00000004
TOUTPS2                           00000005
TOUTPS3                           00000006
TRISA                             00000085
TRISA0                            00000000
TRISA1                            00000001
TRISA2                            00000002
TRISA3                            00000003
TRISA4                            00000004
TRISA5                            00000005
TRISB                             00000086
TRISB0                            00000000
TRISB1                            00000001
TRISB2                            00000002
TRISB3                            00000003
TRISB4                            00000004
TRISB5                            00000005
TRISB6                            00000006
TRISB7                            00000007
TRISC                             00000087
TRISC0                            00000000
TRISC1                            00000001
TRISC2                            00000002
TRISC3                            00000003
TRISC4                            00000004
TRISC5                            00000005
TRISC6                            00000006
TRISC7                            00000007
TRMT                              00000001
TX8_9                             00000006
TX9                               00000006
TX9D                              00000000
TXD8                              00000000
TXEN                              00000005
MPASM  5.39                        CODIGO.ASM   5-29-2018  17:55:43         PAGE 12


SYMBOL TABLE
  LABEL                             VALUE 

TXIE                              00000004
TXIF                              00000004
TXREG                             00000019
TXSTA                             00000098
UA                                00000001
VOLTATUDO                         0000005B
W                                 00000000
WCOL                              00000007
WR                                00000001
WREN                              00000002
WRERR                             00000003
Z                                 00000002
_BODEN_OFF                        00003FBF
_BODEN_ON                         00003FFF
_CONFIG                           00002007
_CPD_OFF                          00003FFF
_CPD_ON                           00003EFF
_CP_All                           00000FCF
_CP_HALF                          00001FDF
_CP_OFF                           00003FFF
_CP_UPPER_256                     00002FEF
_DEBUG_OFF                        00003FFF
_DEBUG_ON                         000037FF
_DEVID1                           00002006
_HS_OSC                           00003FFE
_IDLOC0                           00002000
_IDLOC1                           00002001
_IDLOC2                           00002002
_IDLOC3                           00002003
_LP_OSC                           00003FFC
_LVP_OFF                          00003F7F
_LVP_ON                           00003FFF
_PWRTE_OFF                        00003FFF
_PWRTE_ON                         00003FF7
_RC_OSC                           00003FFF
_WDT_OFF                          00003FFB
_WDT_ON                           00003FFF
_WRT_ENABLE_OFF                   00003DFF
_WRT_ENABLE_ON                    00003FFF
_XT_OSC                           00003FFD
__16F873A                         00000001
__DEBUG                           1
MPASM  5.39                        CODIGO.ASM   5-29-2018  17:55:43         PAGE 13


MEMORY USAGE MAP ('X' = Used,  '-' = Unused)


0000 : X---XXXXXXXXXXXX XXXXXXXXXXXXXXXX XXXXXXXXXXXXXXXX XXXXXXXXXXXXXXXX
0040 : XXXXXXXXXXXXXXXX XXXXXXXXXXXXXXXX XXXXXXXXXXXXXXXX XXXXXXXXXXXXXXXX
0080 : XXXXXXXX-------- ---------------- ---------------- ----------------

All other memory blocks unused.

Program Memory Words Used:   133
Program Memory Words Free:  3963


Errors   :     0
Warnings :     3 reported,     0 suppressed
Messages :    11 reported,     0 suppressed

